info it worked if it ends with ok
verbose cli [ 'node', '/usr/local/bin/npm', 'publish' ]
info using npm@1.1.0-alpha-6
info using node@v0.6.7
verbose /usr/local/bin/node node symlink
verbose config file /Users/shane/.npmrc
verbose config file /usr/local/etc/npmrc
verbose config file /usr/local/lib/node_modules/npm/npmrc
verbose publish [ '.' ]
verbose caching /Users/shane/Linode/node_modules/series/package.json
verbose loadDefaults series@0.0.1
info prepublish series@0.0.1
verbose cache add [ '.', null ]
silly cache add: name, spec, args [ undefined, '.', [ '.', null ] ]
verbose parsed url { pathname: '.', path: '.', href: '.' }
verbose caching package.json
verbose loadDefaults series@0.0.1
verbose pack /Users/shane/Linode/node_modules/series /var/folders/lk/_zkcwk5s3nl7jtvx0bn0k0km0000gp/T/npm-1327012240994/1327012240994-0.9954503758344799/tmp.tgz
silly makeList /Users/shane/Linode/node_modules/series
silly dir, dirLen [ '/Users/shane/Linode/node_modules/series', 40 ]
verbose tarball /var/folders/lk/_zkcwk5s3nl7jtvx0bn0k0km0000gp/T/npm-1327012240994/1327012240994-0.9954503758344799/tmp.tgz
verbose parent /Users/shane/Linode/node_modules/series
verbose mkdir (expected) error ENOENT, no such file or directory '/var/folders/lk/_zkcwk5s3nl7jtvx0bn0k0km0000gp/T/npm-1327012240994/1327012240994-0.9954503758344799/___package.npm'
verbose mkdir done: /var/folders/lk/_zkcwk5s3nl7jtvx0bn0k0km0000gp/T/npm-1327012240994/1327012240994-0.9954503758344799/___package.npm 755
verbose unpack_ uid, gid [ undefined, undefined ]
verbose unpackTarget /var/folders/lk/_zkcwk5s3nl7jtvx0bn0k0km0000gp/T/npm-1327012240994/1327012240994-0.9954503758344799/package
silly gunzTarPerm modes [ '755', '644' ]
silly afterUntar undefined
silly asyncMap in gTP /var/folders/lk/_zkcwk5s3nl7jtvx0bn0k0km0000gp/T/npm-1327012240994/1327012240994-0.9954503758344799/___package.npm/series
silly asyncMap in gTP /var/folders/lk/_zkcwk5s3nl7jtvx0bn0k0km0000gp/T/npm-1327012240994/1327012240994-0.9954503758344799/___package.npm/series/.npmignore
silly asyncMap in gTP /var/folders/lk/_zkcwk5s3nl7jtvx0bn0k0km0000gp/T/npm-1327012240994/1327012240994-0.9954503758344799/___package.npm/series/LICENSE
silly asyncMap in gTP /var/folders/lk/_zkcwk5s3nl7jtvx0bn0k0km0000gp/T/npm-1327012240994/1327012240994-0.9954503758344799/___package.npm/series/package.json
silly asyncMap in gTP /var/folders/lk/_zkcwk5s3nl7jtvx0bn0k0km0000gp/T/npm-1327012240994/1327012240994-0.9954503758344799/___package.npm/series/README
silly asyncMap in gTP /var/folders/lk/_zkcwk5s3nl7jtvx0bn0k0km0000gp/T/npm-1327012240994/1327012240994-0.9954503758344799/___package.npm/series/lib
silly asyncMap in gTP /var/folders/lk/_zkcwk5s3nl7jtvx0bn0k0km0000gp/T/npm-1327012240994/1327012240994-0.9954503758344799/___package.npm/series/lib/series.js
verbose gunzed /var/folders/lk/_zkcwk5s3nl7jtvx0bn0k0km0000gp/T/npm-1327012240994/1327012240994-0.9954503758344799/___package.npm/series
verbose rm'ed /var/folders/lk/_zkcwk5s3nl7jtvx0bn0k0km0000gp/T/npm-1327012240994/1327012240994-0.9954503758344799/package
verbose renamed [ '/var/folders/lk/_zkcwk5s3nl7jtvx0bn0k0km0000gp/T/npm-1327012240994/1327012240994-0.9954503758344799/___package.npm/series',
verbose renamed   '/var/folders/lk/_zkcwk5s3nl7jtvx0bn0k0km0000gp/T/npm-1327012240994/1327012240994-0.9954503758344799/package' ]
verbose caching /var/folders/lk/_zkcwk5s3nl7jtvx0bn0k0km0000gp/T/npm-1327012240994/1327012240994-0.9954503758344799/package/package.json
verbose loadDefaults series@0.0.1
verbose tarball contents [ 'package', 'tmp.tgz' ]
verbose from cache /var/folders/lk/_zkcwk5s3nl7jtvx0bn0k0km0000gp/T/npm-1327012240994/1327012240994-0.9954503758344799/package/package.json
verbose pack /var/folders/lk/_zkcwk5s3nl7jtvx0bn0k0km0000gp/T/npm-1327012240994/1327012240994-0.9954503758344799/package /Users/shane/.npm/series/0.0.1/package.tgz
silly makeList /var/folders/lk/_zkcwk5s3nl7jtvx0bn0k0km0000gp/T/npm-1327012240994/1327012240994-0.9954503758344799/package
silly dir, dirLen [ '/var/folders/lk/_zkcwk5s3nl7jtvx0bn0k0km0000gp/T/npm-1327012240994/1327012240994-0.9954503758344799/package',
silly dir, dirLen   108 ]
verbose tarball /Users/shane/.npm/series/0.0.1/package.tgz
verbose parent /var/folders/lk/_zkcwk5s3nl7jtvx0bn0k0km0000gp/T/npm-1327012240994/1327012240994-0.9954503758344799/package
verbose mkdir (expected) error ENOENT, no such file or directory '/Users/shane/.npm/series/0.0.1/___package.npm'
verbose mkdir done: /Users/shane/.npm/series/0.0.1/___package.npm 755
verbose unpack_ uid, gid [ undefined, undefined ]
verbose unpackTarget /Users/shane/.npm/series/0.0.1/package
silly gunzTarPerm modes [ '755', '644' ]
silly afterUntar undefined
silly asyncMap in gTP /Users/shane/.npm/series/0.0.1/___package.npm/package
silly asyncMap in gTP /Users/shane/.npm/series/0.0.1/___package.npm/package/.npmignore
silly asyncMap in gTP /Users/shane/.npm/series/0.0.1/___package.npm/package/LICENSE
silly asyncMap in gTP /Users/shane/.npm/series/0.0.1/___package.npm/package/package.json
silly asyncMap in gTP /Users/shane/.npm/series/0.0.1/___package.npm/package/README
silly asyncMap in gTP /Users/shane/.npm/series/0.0.1/___package.npm/package/lib
silly asyncMap in gTP /Users/shane/.npm/series/0.0.1/___package.npm/package/lib/series.js
verbose gunzed /Users/shane/.npm/series/0.0.1/___package.npm/package
verbose rm'ed /Users/shane/.npm/series/0.0.1/package
verbose renamed [ '/Users/shane/.npm/series/0.0.1/___package.npm/package',
verbose renamed   '/Users/shane/.npm/series/0.0.1/package' ]
verbose caching /Users/shane/.npm/series/0.0.1/package/package.json
verbose loadDefaults series@0.0.1
silly updated sha bytes 1338
info shasum 60ff4a6874e9d5031719a1553c906453b8c1a2f8
info shasum /Users/shane/.npm/series/0.0.1/package.tgz
verbose from cache /Users/shane/.npm/series/0.0.1/package/package.json
verbose chmod /Users/shane/.npm/series/0.0.1/package.tgz 644
verbose chown [ '/Users/shane/.npm/series/0.0.1/package.tgz', 502, 20 ]
silly publish { name: 'series',
silly publish   version: '0.0.1',
silly publish   description: 'async flow control',
silly publish   keywords: [ 'flow' ],
silly publish   repository: { type: 'git', url: 'git://github.com/shanebo/series.git' },
silly publish   author: { name: 'Shane Thacker', email: 'shane@steadymade.com' },
silly publish   engine: '>= 0.4.1',
silly publish   main: './lib/series',
silly publish   _npmUser: { name: 'shanebo', email: 'shane@steadymade.com' },
silly publish   _id: 'series@0.0.1',
silly publish   dependencies: {},
silly publish   devDependencies: {},
silly publish   engines: { node: '*' },
silly publish   _engineSupported: true,
silly publish   _npmVersion: '1.1.0-alpha-6',
silly publish   _nodeVersion: 'v0.6.7',
silly publish   _defaultsLoaded: true,
silly publish   dist: 
silly publish    { shasum: '60ff4a6874e9d5031719a1553c906453b8c1a2f8',
silly publish      tarball: 'http://registry.npmjs.org/series/-/series-0.0.1.tgz' } }
verbose PUT series
verbose raw, before any munging series
verbose url resolving [ 'https://registry.npmjs.org/', './series' ]
verbose url resolved https://registry.npmjs.org/series
verbose GET series
verbose raw, before any munging series
verbose url resolving [ 'https://registry.npmjs.org/', './series' ]
verbose url resolved https://registry.npmjs.org/series
info Already published series@0.0.1
verbose uploading bin dists []
ERR! publish fail Cannot publish over existing version.
ERR! publish fail Bump the 'version' field, set the --force flag, or
ERR! publish fail     npm unpublish 'series@0.0.1'
ERR! publish fail and try again
ERR! 
ERR! System Darwin 11.2.0
ERR! command "node" "/usr/local/bin/npm" "publish"
ERR! cwd /Users/shane/Linode/node_modules/series
ERR! node -v v0.6.7
ERR! npm -v 1.1.0-alpha-6
ERR! code EPUBLISHCONFLICT
ERR! message publish fail
verbose exit [ 1, true ]
